2023-12-12 15:44:54,459:DEBUG:certbot._internal.main:certbot version: 2.7.4
2023-12-12 15:44:54,460:DEBUG:certbot._internal.main:Location of certbot entry point: C:\Program Files\Certbot\bin\certbot.exe
2023-12-12 15:44:54,460:DEBUG:certbot._internal.main:Arguments: ['--preconfigured-renewal']
2023-12-12 15:44:54,460:DEBUG:certbot._internal.main:Discovered plugins: PluginsRegistry(PluginEntryPoint#manual,PluginEntryPoint#null,PluginEntryPoint#standalone,PluginEntryPoint#webroot)
2023-12-12 15:44:54,602:DEBUG:certbot._internal.log:Root logging level set at 30
2023-12-12 15:44:54,613:DEBUG:certbot._internal.display.obj:Notifying user: Processing C:\Certbot\renewal\kargobang.top.conf
2023-12-12 15:44:54,620:DEBUG:certbot._internal.plugins.selection:Requested authenticator None and installer None
2023-12-12 15:44:54,725:DEBUG:urllib3.connectionpool:Starting new HTTP connection (1): r3.o.lencr.org:80
2023-12-12 15:44:56,264:DEBUG:urllib3.connectionpool:http://r3.o.lencr.org:80 "POST / HTTP/1.1" 200 503
2023-12-12 15:44:56,267:DEBUG:certbot.ocsp:OCSP response for certificate C:\Certbot\archive\kargobang.top\cert1.pem is signed by the certificate's issuer.
2023-12-12 15:44:56,274:DEBUG:certbot.ocsp:OCSP certificate status for C:\Certbot\archive\kargobang.top\cert1.pem is: OCSPCertStatus.GOOD
2023-12-12 15:44:56,279:DEBUG:certbot._internal.display.obj:Notifying user: Certificate not yet due for renewal
2023-12-12 15:44:56,281:DEBUG:certbot._internal.plugins.selection:Requested authenticator webroot and installer None
2023-12-12 15:44:56,281:DEBUG:certbot._internal.display.obj:Notifying user: 
- - - - - - - - - - - - - - - - - - - - - - - - - - - - - - - - - - - - - - - -
2023-12-12 15:44:56,282:DEBUG:certbot._internal.display.obj:Notifying user: The following certificates are not due for renewal yet:
2023-12-12 15:44:56,282:DEBUG:certbot._internal.display.obj:Notifying user:   C:\Certbot\live\kargobang.top\fullchain.pem expires on 2024-02-29 (skipped)
2023-12-12 15:44:56,283:DEBUG:certbot._internal.display.obj:Notifying user: No renewals were attempted.
2023-12-12 15:44:56,284:DEBUG:certbot._internal.display.obj:Notifying user: - - - - - - - - - - - - - - - - - - - - - - - - - - - - - - - - - - - - - - - -
2023-12-12 15:44:56,284:DEBUG:certbot._internal.renewal:no renewal failures
